[2023-05-08 18:00:49,840] INFO Shutting down the log cleaner. (kafka.log.LogCleaner)
[2023-05-08 18:00:49,840] INFO [kafka-log-cleaner-thread-0]: Shutting down (kafka.log.LogCleaner)
[2023-05-08 18:00:49,841] INFO [kafka-log-cleaner-thread-0]: Stopped (kafka.log.LogCleaner)
[2023-05-08 18:00:49,841] INFO [kafka-log-cleaner-thread-0]: Shutdown completed (kafka.log.LogCleaner)
[2023-05-08 18:01:14,336] INFO Starting the log cleaner (kafka.log.LogCleaner)
[2023-05-08 18:01:14,380] INFO [kafka-log-cleaner-thread-0]: Starting (kafka.log.LogCleaner)
[2023-05-08 18:01:14,592] INFO Shutting down the log cleaner. (kafka.log.LogCleaner)
[2023-05-08 18:01:14,592] INFO [kafka-log-cleaner-thread-0]: Shutting down (kafka.log.LogCleaner)
[2023-05-08 18:01:14,592] INFO [kafka-log-cleaner-thread-0]: Stopped (kafka.log.LogCleaner)
[2023-05-08 18:01:14,592] INFO [kafka-log-cleaner-thread-0]: Shutdown completed (kafka.log.LogCleaner)
[2023-05-08 18:01:31,358] INFO Starting the log cleaner (kafka.log.LogCleaner)
[2023-05-08 18:01:31,404] INFO [kafka-log-cleaner-thread-0]: Starting (kafka.log.LogCleaner)
[2023-05-08 18:03:05,565] INFO Shutting down the log cleaner. (kafka.log.LogCleaner)
[2023-05-08 18:03:05,565] INFO [kafka-log-cleaner-thread-0]: Shutting down (kafka.log.LogCleaner)
[2023-05-08 18:03:05,565] INFO [kafka-log-cleaner-thread-0]: Stopped (kafka.log.LogCleaner)
[2023-05-08 18:03:05,565] INFO [kafka-log-cleaner-thread-0]: Shutdown completed (kafka.log.LogCleaner)
[2023-05-08 18:03:49,326] INFO Starting the log cleaner (kafka.log.LogCleaner)
[2023-05-08 18:03:49,362] INFO [kafka-log-cleaner-thread-0]: Starting (kafka.log.LogCleaner)
[2023-05-08 18:06:47,703] INFO Shutting down the log cleaner. (kafka.log.LogCleaner)
[2023-05-08 18:06:47,703] INFO [kafka-log-cleaner-thread-0]: Shutting down (kafka.log.LogCleaner)
[2023-05-08 18:06:47,703] INFO [kafka-log-cleaner-thread-0]: Stopped (kafka.log.LogCleaner)
[2023-05-08 18:06:47,703] INFO [kafka-log-cleaner-thread-0]: Shutdown completed (kafka.log.LogCleaner)
