[2023-05-04 17:02:33,530] INFO [Controller id=0 epoch=4] Sending UpdateMetadata request to brokers HashSet(0) for 0 partitions (state.change.logger)
[2023-05-04 17:02:33,791] INFO [Controller id=0 epoch=4] Sending LeaderAndIsr request to broker 0 with 63 become-leader and 0 become-follower partitions (state.change.logger)
[2023-05-04 17:02:33,794] INFO [Controller id=0 epoch=4] Sending UpdateMetadata request to brokers HashSet(0) for 63 partitions (state.change.logger)
[2023-05-04 17:02:33,803] INFO [Broker id=0] Handling LeaderAndIsr request correlationId 1 from controller 0 for 63 partitions (state.change.logger)
[2023-05-04 17:02:33,840] INFO [Broker id=0] Stopped fetchers as part of LeaderAndIsr request correlationId 1 from controller 0 epoch 4 as part of the become-leader transition for 63 partitions (state.change.logger)
[2023-05-04 17:02:33,850] INFO [Broker id=0] Leader __consumer_offsets-3 with topic id Some(pJziOg7XSeuyZoXnynkf0A) starts at leader epoch 0 from offset 0 with partition epoch 0, high watermark 0, ISR [0], adding replicas [] and removing replicas []. Previous leader epoch was -1. (state.change.logger)
[2023-05-04 17:02:33,863] INFO [Broker id=0] Leader __consumer_offsets-18 with topic id Some(pJziOg7XSeuyZoXnynkf0A) starts at leader epoch 0 from offset 0 with partition epoch 0, high watermark 0, ISR [0], adding replicas [] and removing replicas []. Previous leader epoch was -1. (state.change.logger)
[2023-05-04 17:02:33,867] INFO [Broker id=0] Leader __consumer_offsets-41 with topic id Some(pJziOg7XSeuyZoXnynkf0A) starts at leader epoch 0 from offset 0 with partition epoch 0, high watermark 0, ISR [0], adding replicas [] and removing replicas []. Previous leader epoch was -1. (state.change.logger)
[2023-05-04 17:02:33,874] INFO [Broker id=0] Leader test-0 with topic id Some(6a2qs-ChSQGpzLZsgiZ22A) starts at leader epoch 0 from offset 4 with partition epoch 0, high watermark 4, ISR [0], adding replicas [] and removing replicas []. Previous leader epoch was -1. (state.change.logger)
[2023-05-04 17:02:33,874] INFO [Broker id=0] Leader __consumer_offsets-10 with topic id Some(pJziOg7XSeuyZoXnynkf0A) starts at leader epoch 0 from offset 3 with partition epoch 0, high watermark 3, ISR [0], adding replicas [] and removing replicas []. Previous leader epoch was -1. (state.change.logger)
[2023-05-04 17:02:33,874] INFO [Broker id=0] Leader partitioned-2 with topic id Some(A-PaCxxkRKuy0MVqtLUARw) starts at leader epoch 0 from offset 0 with partition epoch 0, high watermark 0, ISR [0], adding replicas [] and removing replicas []. Previous leader epoch was -1. (state.change.logger)
[2023-05-04 17:02:33,879] INFO [Broker id=0] Leader multitype-0 with topic id Some(R20HOopISrWZyV3FeA9VHg) starts at leader epoch 0 from offset 0 with partition epoch 0, high watermark 0, ISR [0], adding replicas [] and removing replicas []. Previous leader epoch was -1. (state.change.logger)
[2023-05-04 17:02:33,884] INFO [Broker id=0] Leader __consumer_offsets-33 with topic id Some(pJziOg7XSeuyZoXnynkf0A) starts at leader epoch 0 from offset 0 with partition epoch 0, high watermark 0, ISR [0], adding replicas [] and removing replicas []. Previous leader epoch was -1. (state.change.logger)
[2023-05-04 17:02:33,888] INFO [Broker id=0] Leader __consumer_offsets-48 with topic id Some(pJziOg7XSeuyZoXnynkf0A) starts at leader epoch 0 from offset 0 with partition epoch 0, high watermark 0, ISR [0], adding replicas [] and removing replicas []. Previous leader epoch was -1. (state.change.logger)
[2023-05-04 17:02:33,894] INFO [Broker id=0] Leader __consumer_offsets-19 with topic id Some(pJziOg7XSeuyZoXnynkf0A) starts at leader epoch 0 from offset 0 with partition epoch 0, high watermark 0, ISR [0], adding replicas [] and removing replicas []. Previous leader epoch was -1. (state.change.logger)
[2023-05-04 17:02:33,898] INFO [Broker id=0] Leader __consumer_offsets-34 with topic id Some(pJziOg7XSeuyZoXnynkf0A) starts at leader epoch 0 from offset 0 with partition epoch 0, high watermark 0, ISR [0], adding replicas [] and removing replicas []. Previous leader epoch was -1. (state.change.logger)
[2023-05-04 17:02:33,901] INFO [Broker id=0] Leader __consumer_offsets-4 with topic id Some(pJziOg7XSeuyZoXnynkf0A) starts at leader epoch 0 from offset 0 with partition epoch 0, high watermark 0, ISR [0], adding replicas [] and removing replicas []. Previous leader epoch was -1. (state.change.logger)
[2023-05-04 17:02:33,907] INFO [Broker id=0] Leader __consumer_offsets-11 with topic id Some(pJziOg7XSeuyZoXnynkf0A) starts at leader epoch 0 from offset 0 with partition epoch 0, high watermark 0, ISR [0], adding replicas [] and removing replicas []. Previous leader epoch was -1. (state.change.logger)
[2023-05-04 17:02:33,912] INFO [Broker id=0] Leader __consumer_offsets-26 with topic id Some(pJziOg7XSeuyZoXnynkf0A) starts at leader epoch 0 from offset 0 with partition epoch 0, high watermark 0, ISR [0], adding replicas [] and removing replicas []. Previous leader epoch was -1. (state.change.logger)
[2023-05-04 17:02:33,917] INFO [Broker id=0] Leader partitioned-3 with topic id Some(A-PaCxxkRKuy0MVqtLUARw) starts at leader epoch 0 from offset 0 with partition epoch 0, high watermark 0, ISR [0], adding replicas [] and removing replicas []. Previous leader epoch was -1. (state.change.logger)
[2023-05-04 17:02:33,922] INFO [Broker id=0] Leader __consumer_offsets-49 with topic id Some(pJziOg7XSeuyZoXnynkf0A) starts at leader epoch 0 from offset 6 with partition epoch 0, high watermark 6, ISR [0], adding replicas [] and removing replicas []. Previous leader epoch was -1. (state.change.logger)
[2023-05-04 17:02:33,922] INFO [Broker id=0] Leader __consumer_offsets-39 with topic id Some(pJziOg7XSeuyZoXnynkf0A) starts at leader epoch 0 from offset 0 with partition epoch 0, high watermark 0, ISR [0], adding replicas [] and removing replicas []. Previous leader epoch was -1. (state.change.logger)
[2023-05-04 17:02:33,928] INFO [Broker id=0] Leader baeldung-0 with topic id Some(UpZ1qkecQGaYHUDeaoVmuA) starts at leader epoch 0 from offset 1 with partition epoch 0, high watermark 1, ISR [0], adding replicas [] and removing replicas []. Previous leader epoch was -1. (state.change.logger)
[2023-05-04 17:02:33,928] INFO [Broker id=0] Leader __consumer_offsets-9 with topic id Some(pJziOg7XSeuyZoXnynkf0A) starts at leader epoch 0 from offset 0 with partition epoch 0, high watermark 0, ISR [0], adding replicas [] and removing replicas []. Previous leader epoch was -1. (state.change.logger)
[2023-05-04 17:02:33,933] INFO [Broker id=0] Leader __consumer_offsets-24 with topic id Some(pJziOg7XSeuyZoXnynkf0A) starts at leader epoch 0 from offset 3 with partition epoch 0, high watermark 3, ISR [0], adding replicas [] and removing replicas []. Previous leader epoch was -1. (state.change.logger)
[2023-05-04 17:02:33,933] INFO [Broker id=0] Leader __consumer_offsets-31 with topic id Some(pJziOg7XSeuyZoXnynkf0A) starts at leader epoch 0 from offset 0 with partition epoch 0, high watermark 0, ISR [0], adding replicas [] and removing replicas []. Previous leader epoch was -1. (state.change.logger)
[2023-05-04 17:02:33,936] INFO [Broker id=0] Leader partitioned-4 with topic id Some(A-PaCxxkRKuy0MVqtLUARw) starts at leader epoch 0 from offset 0 with partition epoch 0, high watermark 0, ISR [0], adding replicas [] and removing replicas []. Previous leader epoch was -1. (state.change.logger)
[2023-05-04 17:02:33,941] INFO [Broker id=0] Leader __consumer_offsets-46 with topic id Some(pJziOg7XSeuyZoXnynkf0A) starts at leader epoch 0 from offset 3 with partition epoch 0, high watermark 3, ISR [0], adding replicas [] and removing replicas []. Previous leader epoch was -1. (state.change.logger)
[2023-05-04 17:02:33,942] INFO [Broker id=0] Leader __consumer_offsets-1 with topic id Some(pJziOg7XSeuyZoXnynkf0A) starts at leader epoch 0 from offset 0 with partition epoch 0, high watermark 0, ISR [0], adding replicas [] and removing replicas []. Previous leader epoch was -1. (state.change.logger)
[2023-05-04 17:02:33,947] INFO [Broker id=0] Leader __consumer_offsets-16 with topic id Some(pJziOg7XSeuyZoXnynkf0A) starts at leader epoch 0 from offset 0 with partition epoch 0, high watermark 0, ISR [0], adding replicas [] and removing replicas []. Previous leader epoch was -1. (state.change.logger)
[2023-05-04 17:02:33,952] INFO [Broker id=0] Leader __consumer_offsets-2 with topic id Some(pJziOg7XSeuyZoXnynkf0A) starts at leader epoch 0 from offset 0 with partition epoch 0, high watermark 0, ISR [0], adding replicas [] and removing replicas []. Previous leader epoch was -1. (state.change.logger)
[2023-05-04 17:02:33,956] INFO [Broker id=0] Leader filtered-0 with topic id Some(picYeMrYS3anKMFw7kYHYg) starts at leader epoch 0 from offset 0 with partition epoch 0, high watermark 0, ISR [0], adding replicas [] and removing replicas []. Previous leader epoch was -1. (state.change.logger)
[2023-05-04 17:02:33,961] INFO [Broker id=0] Leader __consumer_offsets-25 with topic id Some(pJziOg7XSeuyZoXnynkf0A) starts at leader epoch 0 from offset 3 with partition epoch 0, high watermark 3, ISR [0], adding replicas [] and removing replicas []. Previous leader epoch was -1. (state.change.logger)
[2023-05-04 17:02:33,961] INFO [Broker id=0] Leader __consumer_offsets-40 with topic id Some(pJziOg7XSeuyZoXnynkf0A) starts at leader epoch 0 from offset 3 with partition epoch 0, high watermark 3, ISR [0], adding replicas [] and removing replicas []. Previous leader epoch was -1. (state.change.logger)
[2023-05-04 17:02:33,961] INFO [Broker id=0] Leader mytopic-0 with topic id Some(qLy8T9ZoR7iN76QYiYCsVg) starts at leader epoch 0 from offset 0 with partition epoch 0, high watermark 0, ISR [0], adding replicas [] and removing replicas []. Previous leader epoch was -1. (state.change.logger)
[2023-05-04 17:02:33,965] INFO [Broker id=0] Leader __consumer_offsets-47 with topic id Some(pJziOg7XSeuyZoXnynkf0A) starts at leader epoch 0 from offset 0 with partition epoch 0, high watermark 0, ISR [0], adding replicas [] and removing replicas []. Previous leader epoch was -1. (state.change.logger)
[2023-05-04 17:02:33,970] INFO [Broker id=0] Leader partitioned-5 with topic id Some(A-PaCxxkRKuy0MVqtLUARw) starts at leader epoch 0 from offset 0 with partition epoch 0, high watermark 0, ISR [0], adding replicas [] and removing replicas []. Previous leader epoch was -1. (state.change.logger)
[2023-05-04 17:02:33,975] INFO [Broker id=0] Leader __consumer_offsets-17 with topic id Some(pJziOg7XSeuyZoXnynkf0A) starts at leader epoch 0 from offset 0 with partition epoch 0, high watermark 0, ISR [0], adding replicas [] and removing replicas []. Previous leader epoch was -1. (state.change.logger)
[2023-05-04 17:02:33,981] INFO [Broker id=0] Leader __consumer_offsets-32 with topic id Some(pJziOg7XSeuyZoXnynkf0A) starts at leader epoch 0 from offset 0 with partition epoch 0, high watermark 0, ISR [0], adding replicas [] and removing replicas []. Previous leader epoch was -1. (state.change.logger)
[2023-05-04 17:02:33,986] INFO [Broker id=0] Leader __consumer_offsets-37 with topic id Some(pJziOg7XSeuyZoXnynkf0A) starts at leader epoch 0 from offset 0 with partition epoch 0, high watermark 0, ISR [0], adding replicas [] and removing replicas []. Previous leader epoch was -1. (state.change.logger)
[2023-05-04 17:02:33,990] INFO [Broker id=0] Leader __consumer_offsets-7 with topic id Some(pJziOg7XSeuyZoXnynkf0A) starts at leader epoch 0 from offset 0 with partition epoch 0, high watermark 0, ISR [0], adding replicas [] and removing replicas []. Previous leader epoch was -1. (state.change.logger)
[2023-05-04 17:02:33,995] INFO [Broker id=0] Leader __consumer_offsets-22 with topic id Some(pJziOg7XSeuyZoXnynkf0A) starts at leader epoch 0 from offset 0 with partition epoch 0, high watermark 0, ISR [0], adding replicas [] and removing replicas []. Previous leader epoch was -1. (state.change.logger)
[2023-05-04 17:02:34,000] INFO [Broker id=0] Leader __consumer_offsets-29 with topic id Some(pJziOg7XSeuyZoXnynkf0A) starts at leader epoch 0 from offset 0 with partition epoch 0, high watermark 0, ISR [0], adding replicas [] and removing replicas []. Previous leader epoch was -1. (state.change.logger)
[2023-05-04 17:02:34,002] INFO [Broker id=0] Leader __consumer_offsets-44 with topic id Some(pJziOg7XSeuyZoXnynkf0A) starts at leader epoch 0 from offset 6 with partition epoch 0, high watermark 6, ISR [0], adding replicas [] and removing replicas []. Previous leader epoch was -1. (state.change.logger)
[2023-05-04 17:02:34,002] INFO [Broker id=0] Leader __consumer_offsets-14 with topic id Some(pJziOg7XSeuyZoXnynkf0A) starts at leader epoch 0 from offset 0 with partition epoch 0, high watermark 0, ISR [0], adding replicas [] and removing replicas []. Previous leader epoch was -1. (state.change.logger)
[2023-05-04 17:02:34,006] INFO [Broker id=0] Leader __consumer_offsets-23 with topic id Some(pJziOg7XSeuyZoXnynkf0A) starts at leader epoch 0 from offset 0 with partition epoch 0, high watermark 0, ISR [0], adding replicas [] and removing replicas []. Previous leader epoch was -1. (state.change.logger)
[2023-05-04 17:02:34,011] INFO [Broker id=0] Leader __consumer_offsets-38 with topic id Some(pJziOg7XSeuyZoXnynkf0A) starts at leader epoch 0 from offset 0 with partition epoch 0, high watermark 0, ISR [0], adding replicas [] and removing replicas []. Previous leader epoch was -1. (state.change.logger)
[2023-05-04 17:02:34,016] INFO [Broker id=0] Leader __consumer_offsets-8 with topic id Some(pJziOg7XSeuyZoXnynkf0A) starts at leader epoch 0 from offset 0 with partition epoch 0, high watermark 0, ISR [0], adding replicas [] and removing replicas []. Previous leader epoch was -1. (state.change.logger)
[2023-05-04 17:02:34,021] INFO [Broker id=0] Leader __consumer_offsets-45 with topic id Some(pJziOg7XSeuyZoXnynkf0A) starts at leader epoch 0 from offset 0 with partition epoch 0, high watermark 0, ISR [0], adding replicas [] and removing replicas []. Previous leader epoch was -1. (state.change.logger)
[2023-05-04 17:02:34,025] INFO [Broker id=0] Leader __consumer_offsets-15 with topic id Some(pJziOg7XSeuyZoXnynkf0A) starts at leader epoch 0 from offset 0 with partition epoch 0, high watermark 0, ISR [0], adding replicas [] and removing replicas []. Previous leader epoch was -1. (state.change.logger)
[2023-05-04 17:02:34,031] INFO [Broker id=0] Leader __consumer_offsets-30 with topic id Some(pJziOg7XSeuyZoXnynkf0A) starts at leader epoch 0 from offset 0 with partition epoch 0, high watermark 0, ISR [0], adding replicas [] and removing replicas []. Previous leader epoch was -1. (state.change.logger)
[2023-05-04 17:02:34,036] INFO [Broker id=0] Leader __consumer_offsets-0 with topic id Some(pJziOg7XSeuyZoXnynkf0A) starts at leader epoch 0 from offset 0 with partition epoch 0, high watermark 0, ISR [0], adding replicas [] and removing replicas []. Previous leader epoch was -1. (state.change.logger)
[2023-05-04 17:02:34,040] INFO [Broker id=0] Leader __consumer_offsets-35 with topic id Some(pJziOg7XSeuyZoXnynkf0A) starts at leader epoch 0 from offset 0 with partition epoch 0, high watermark 0, ISR [0], adding replicas [] and removing replicas []. Previous leader epoch was -1. (state.change.logger)
[2023-05-04 17:02:34,045] INFO [Broker id=0] Leader __consumer_offsets-5 with topic id Some(pJziOg7XSeuyZoXnynkf0A) starts at leader epoch 0 from offset 0 with partition epoch 0, high watermark 0, ISR [0], adding replicas [] and removing replicas []. Previous leader epoch was -1. (state.change.logger)
[2023-05-04 17:02:34,049] INFO [Broker id=0] Leader __consumer_offsets-20 with topic id Some(pJziOg7XSeuyZoXnynkf0A) starts at leader epoch 0 from offset 0 with partition epoch 0, high watermark 0, ISR [0], adding replicas [] and removing replicas []. Previous leader epoch was -1. (state.change.logger)
[2023-05-04 17:02:34,053] INFO [Broker id=0] Leader greeting-0 with topic id Some(92VQ2whtQbCnvqx-KVBGAw) starts at leader epoch 0 from offset 0 with partition epoch 0, high watermark 0, ISR [0], adding replicas [] and removing replicas []. Previous leader epoch was -1. (state.change.logger)
[2023-05-04 17:02:34,057] INFO [Broker id=0] Leader __consumer_offsets-27 with topic id Some(pJziOg7XSeuyZoXnynkf0A) starts at leader epoch 0 from offset 0 with partition epoch 0, high watermark 0, ISR [0], adding replicas [] and removing replicas []. Previous leader epoch was -1. (state.change.logger)
[2023-05-04 17:02:34,062] INFO [Broker id=0] Leader partitioned-0 with topic id Some(A-PaCxxkRKuy0MVqtLUARw) starts at leader epoch 0 from offset 0 with partition epoch 0, high watermark 0, ISR [0], adding replicas [] and removing replicas []. Previous leader epoch was -1. (state.change.logger)
[2023-05-04 17:02:34,067] INFO [Broker id=0] Leader __consumer_offsets-42 with topic id Some(pJziOg7XSeuyZoXnynkf0A) starts at leader epoch 0 from offset 0 with partition epoch 0, high watermark 0, ISR [0], adding replicas [] and removing replicas []. Previous leader epoch was -1. (state.change.logger)
[2023-05-04 17:02:34,072] INFO [Broker id=0] Leader __consumer_offsets-12 with topic id Some(pJziOg7XSeuyZoXnynkf0A) starts at leader epoch 0 from offset 0 with partition epoch 0, high watermark 0, ISR [0], adding replicas [] and removing replicas []. Previous leader epoch was -1. (state.change.logger)
[2023-05-04 17:02:34,077] INFO [Broker id=0] Leader __consumer_offsets-21 with topic id Some(pJziOg7XSeuyZoXnynkf0A) starts at leader epoch 0 from offset 0 with partition epoch 0, high watermark 0, ISR [0], adding replicas [] and removing replicas []. Previous leader epoch was -1. (state.change.logger)
[2023-05-04 17:02:34,082] INFO [Broker id=0] Leader __consumer_offsets-36 with topic id Some(pJziOg7XSeuyZoXnynkf0A) starts at leader epoch 0 from offset 0 with partition epoch 0, high watermark 0, ISR [0], adding replicas [] and removing replicas []. Previous leader epoch was -1. (state.change.logger)
[2023-05-04 17:02:34,087] INFO [Broker id=0] Leader __consumer_offsets-6 with topic id Some(pJziOg7XSeuyZoXnynkf0A) starts at leader epoch 0 from offset 0 with partition epoch 0, high watermark 0, ISR [0], adding replicas [] and removing replicas []. Previous leader epoch was -1. (state.change.logger)
[2023-05-04 17:02:34,092] INFO [Broker id=0] Leader __consumer_offsets-43 with topic id Some(pJziOg7XSeuyZoXnynkf0A) starts at leader epoch 0 from offset 0 with partition epoch 0, high watermark 0, ISR [0], adding replicas [] and removing replicas []. Previous leader epoch was -1. (state.change.logger)
[2023-05-04 17:02:34,098] INFO [Broker id=0] Leader partitioned-1 with topic id Some(A-PaCxxkRKuy0MVqtLUARw) starts at leader epoch 0 from offset 0 with partition epoch 0, high watermark 0, ISR [0], adding replicas [] and removing replicas []. Previous leader epoch was -1. (state.change.logger)
[2023-05-04 17:02:34,103] INFO [Broker id=0] Leader __consumer_offsets-13 with topic id Some(pJziOg7XSeuyZoXnynkf0A) starts at leader epoch 0 from offset 0 with partition epoch 0, high watermark 0, ISR [0], adding replicas [] and removing replicas []. Previous leader epoch was -1. (state.change.logger)
[2023-05-04 17:02:34,108] INFO [Broker id=0] Leader __consumer_offsets-28 with topic id Some(pJziOg7XSeuyZoXnynkf0A) starts at leader epoch 0 from offset 0 with partition epoch 0, high watermark 0, ISR [0], adding replicas [] and removing replicas []. Previous leader epoch was -1. (state.change.logger)
[2023-05-04 17:02:34,113] INFO [Broker id=0] Leader longMessage-0 with topic id Some(OZPuJi_zQVe7ueSb9PxbXA) starts at leader epoch 0 from offset 0 with partition epoch 0, high watermark 0, ISR [0], adding replicas [] and removing replicas []. Previous leader epoch was -1. (state.change.logger)
[2023-05-04 17:02:34,129] INFO [Broker id=0] Finished LeaderAndIsr request in 326ms correlationId 1 from controller 0 for 63 partitions (state.change.logger)
[2023-05-04 17:02:34,143] INFO [Broker id=0] Add 63 partitions and deleted 0 partitions from metadata cache in response to UpdateMetadata request sent by controller 0 epoch 4 with correlation id 2 (state.change.logger)
[2023-05-04 17:04:37,088] INFO [Controller id=0 epoch=4] Changed partition test2-0 state from NonExistentPartition to NewPartition with assigned replicas 0 (state.change.logger)
[2023-05-04 17:04:37,088] INFO [Controller id=0 epoch=4] Sending UpdateMetadata request to brokers HashSet() for 0 partitions (state.change.logger)
[2023-05-04 17:04:37,089] INFO [Controller id=0 epoch=4] Sending UpdateMetadata request to brokers HashSet() for 0 partitions (state.change.logger)
[2023-05-04 17:04:37,103] INFO [Controller id=0 epoch=4] Changed partition test2-0 from NewPartition to OnlinePartition with state LeaderAndIsr(leader=0, leaderEpoch=0, isr=List(0), leaderRecoveryState=RECOVERED, partitionEpoch=0) (state.change.logger)
[2023-05-04 17:04:37,103] INFO [Controller id=0 epoch=4] Sending LeaderAndIsr request to broker 0 with 1 become-leader and 0 become-follower partitions (state.change.logger)
[2023-05-04 17:04:37,103] INFO [Controller id=0 epoch=4] Sending UpdateMetadata request to brokers HashSet(0) for 1 partitions (state.change.logger)
[2023-05-04 17:04:37,103] INFO [Controller id=0 epoch=4] Sending UpdateMetadata request to brokers HashSet() for 0 partitions (state.change.logger)
[2023-05-04 17:04:37,104] INFO [Broker id=0] Handling LeaderAndIsr request correlationId 3 from controller 0 for 1 partitions (state.change.logger)
[2023-05-04 17:04:37,104] INFO [Broker id=0] Stopped fetchers as part of LeaderAndIsr request correlationId 3 from controller 0 epoch 4 as part of the become-leader transition for 1 partitions (state.change.logger)
[2023-05-04 17:04:37,112] INFO [Broker id=0] Leader test2-0 with topic id Some(VNmBG5cUQ26qfg-K-P3bew) starts at leader epoch 0 from offset 0 with partition epoch 0, high watermark 0, ISR [0], adding replicas [] and removing replicas []. Previous leader epoch was -1. (state.change.logger)
[2023-05-04 17:04:37,117] INFO [Broker id=0] Finished LeaderAndIsr request in 13ms correlationId 3 from controller 0 for 1 partitions (state.change.logger)
[2023-05-04 17:04:37,118] INFO [Broker id=0] Add 1 partitions and deleted 0 partitions from metadata cache in response to UpdateMetadata request sent by controller 0 epoch 4 with correlation id 4 (state.change.logger)
